{"name":"bunyan-log","hostname":"DESKTOP-D2UFE6H","pid":11760,"level":50,"msg":"{}","time":"2020-07-24T10:56:32.925Z","v":0}
{"name":"bunyan-log","hostname":"DESKTOP-D2UFE6H","pid":11760,"level":50,"msg":"{}","time":"2020-07-24T10:58:32.306Z","v":0}
{"name":"bunyan-log","hostname":"DESKTOP-D2UFE6H","pid":1204,"level":50,"msg":"{}","time":"2020-07-24T11:08:47.287Z","v":0}
{"name":"bunyan-log","hostname":"DESKTOP-D2UFE6H","pid":12240,"level":50,"msg":"{}","time":"2020-07-24T11:23:11.207Z","v":0}
{"name":"bunyan-log","hostname":"DESKTOP-D2UFE6H","pid":2520,"level":50,"msg":"{\"name\":\"FacebookTokenError\",\"message\":\"This authorization code has been used.\",\"type\":\"OAuthException\",\"code\":100,\"subcode\":36009,\"traceID\":\"AyvNNENHUHaoYqdSkigBRNC\",\"status\":500}","time":"2020-07-24T11:27:54.837Z","v":0}
{"name":"bunyan-log","hostname":"DESKTOP-D2UFE6H","pid":10792,"level":50,"msg":"{\"name\":\"FacebookTokenError\",\"message\":\"This authorization code has been used.\",\"type\":\"OAuthException\",\"code\":100,\"subcode\":36009,\"traceID\":\"A9Opr_Ksg8QL35irIh_8UTx\",\"status\":500}","time":"2020-07-25T10:51:06.893Z","v":0}
{"name":"bunyan-log","hostname":"DESKTOP-D2UFE6H","pid":3616,"level":50,"msg":"{\"name\":\"FacebookTokenError\",\"message\":\"This authorization code has been used.\",\"type\":\"OAuthException\",\"code\":100,\"subcode\":36009,\"traceID\":\"Av-HFoMO85KB69WdCCzskw6\",\"status\":500}","time":"2020-07-25T10:54:32.186Z","v":0}
{"name":"bunyan-log","hostname":"DESKTOP-D2UFE6H","pid":3616,"level":50,"msg":"{\"name\":\"FacebookTokenError\",\"message\":\"This authorization code has been used.\",\"type\":\"OAuthException\",\"code\":100,\"subcode\":36009,\"traceID\":\"ABbIvvksXZvThUEvk8tQeZN\",\"status\":500}","time":"2020-07-25T10:54:38.990Z","v":0}
{"name":"bunyan-log","hostname":"DESKTOP-D2UFE6H","pid":3616,"level":50,"msg":"{\"name\":\"FacebookTokenError\",\"message\":\"This authorization code has been used.\",\"type\":\"OAuthException\",\"code\":100,\"subcode\":36009,\"traceID\":\"AtYUoVzUcUuPkvcLTeXR-yQ\",\"status\":500}","time":"2020-07-25T10:54:51.396Z","v":0}
{"name":"bunyan-log","hostname":"DESKTOP-D2UFE6H","pid":7632,"level":50,"msg":"{}","time":"2020-07-25T11:31:27.036Z","v":0}
{"name":"bunyan-log","hostname":"DESKTOP-D2UFE6H","pid":7632,"level":50,"msg":"{}","time":"2020-07-25T11:31:34.490Z","v":0}
{"name":"bunyan-log","hostname":"DESKTOP-D2UFE6H","pid":4508,"level":50,"msg":"{}","time":"2020-07-25T11:37:25.776Z","v":0}
{"name":"bunyan-log","hostname":"DESKTOP-D2UFE6H","pid":12228,"level":50,"msg":"{\"name\":\"FacebookTokenError\",\"message\":\"This authorization code has been used.\",\"type\":\"OAuthException\",\"code\":100,\"subcode\":36009,\"traceID\":\"ACqFav_NbjYk24X-Y34MGDo\",\"status\":500}","time":"2020-07-25T11:37:41.938Z","v":0}
{"name":"Sideline API Log","hostname":"DESKTOP-D2UFE6H","pid":7996,"level":50,"msg":"handleAuthSuccess$ : SequelizeValidationError: string violation: email cannot be an array or an object,\nstring violation: mobileNumber cannot be an array or an object","time":"2020-07-26T09:43:50.006Z","v":0}
{"name":"Sideline API Log","hostname":"DESKTOP-D2UFE6H","pid":6076,"level":50,"msg":"handleAuthSuccess$ : Error: Invalid value {\n  type: UUID {},\n  defaultValue: UUIDV4 {},\n  primaryKey: true,\n  Model: User,\n  fieldName: 'sidelineId',\n  _modelAttribute: true,\n  field: 'sidelineId'\n}","time":"2020-07-26T09:47:55.110Z","v":0}
{"name":"Sideline API Log","hostname":"DESKTOP-D2UFE6H","pid":2632,"level":50,"msg":"handleAuthSuccess$ : SequelizeDatabaseError: null value in column \"sidelineId\" violates not-null constraint","time":"2020-07-26T09:52:46.957Z","v":0}
{"name":"Sideline API Log","hostname":"DESKTOP-D2UFE6H","pid":8544,"level":50,"msg":"handleAuthSuccess$ : AssertionError [ERR_ASSERTION]: Missing where attribute in the options parameter","time":"2020-07-31T10:44:14.907Z","v":0}
{"name":"Sideline API Log","hostname":"DESKTOP-D2UFE6H","pid":12508,"level":50,"err":{"message":"Missing where attribute in the options parameter","name":"AssertionError","stack":"AssertionError [ERR_ASSERTION]: Missing where attribute in the options parameter\n    at Function._optionsMustContainWhere (D:\\Backend Projects\\sideline-api\\node_modules\\sequelize\\lib\\model.js:3371:5)\n    at Function.update (D:\\Backend Projects\\sideline-api\\node_modules\\sequelize\\lib\\model.js:3014:10)\n    at Observable._subscribe (D:\\Backend Projects\\sideline-api\\utils\\db-model-util.js:21:8)\n    at Observable._trySubscribe (D:\\Backend Projects\\sideline-api\\node_modules\\rxjs\\internal\\Observable.js:44:25)\n    at Observable.subscribe (D:\\Backend Projects\\sideline-api\\node_modules\\rxjs\\internal\\Observable.js:30:22)\n    at D:\\Backend Projects\\sideline-api\\utils\\db-model-util.js:43:26\n    at processTicksAndRejections (internal/process/task_queues.js:97:5)","code":"ERR_ASSERTION"},"msg":"Missing where attribute in the options parameter","time":"2020-07-31T10:45:25.179Z","v":0}
{"name":"Sideline API Log","hostname":"DESKTOP-D2UFE6H","pid":12508,"level":50,"err":{"message":"Missing where attribute in the options parameter","name":"AssertionError","stack":"AssertionError [ERR_ASSERTION]: Missing where attribute in the options parameter\n    at Function._optionsMustContainWhere (D:\\Backend Projects\\sideline-api\\node_modules\\sequelize\\lib\\model.js:3371:5)\n    at Function.update (D:\\Backend Projects\\sideline-api\\node_modules\\sequelize\\lib\\model.js:3014:10)\n    at Observable._subscribe (D:\\Backend Projects\\sideline-api\\utils\\db-model-util.js:21:8)\n    at Observable._trySubscribe (D:\\Backend Projects\\sideline-api\\node_modules\\rxjs\\internal\\Observable.js:44:25)\n    at Observable.subscribe (D:\\Backend Projects\\sideline-api\\node_modules\\rxjs\\internal\\Observable.js:30:22)\n    at D:\\Backend Projects\\sideline-api\\utils\\db-model-util.js:43:26\n    at processTicksAndRejections (internal/process/task_queues.js:97:5)","code":"ERR_ASSERTION"},"msg":"Missing where attribute in the options parameter","time":"2020-07-31T10:45:25.180Z","v":0}
{"name":"Sideline API Log","hostname":"DESKTOP-D2UFE6H","pid":12508,"level":50,"msg":"handleAuthSuccess$ : AssertionError [ERR_ASSERTION]: Missing where attribute in the options parameter","time":"2020-07-31T10:45:25.181Z","v":0}
{"name":"Sideline API Log","hostname":"DESKTOP-D2UFE6H","pid":8624,"level":50,"err":{"message":"Missing where attribute in the options parameter","name":"AssertionError","stack":"AssertionError [ERR_ASSERTION]: Missing where attribute in the options parameter\n    at Function._optionsMustContainWhere (D:\\Backend Projects\\sideline-api\\node_modules\\sequelize\\lib\\model.js:3371:5)\n    at Function.update (D:\\Backend Projects\\sideline-api\\node_modules\\sequelize\\lib\\model.js:3014:10)\n    at Observable._subscribe (D:\\Backend Projects\\sideline-api\\utils\\db-model-util.js:21:8)\n    at Observable._trySubscribe (D:\\Backend Projects\\sideline-api\\node_modules\\rxjs\\internal\\Observable.js:44:25)\n    at Observable.subscribe (D:\\Backend Projects\\sideline-api\\node_modules\\rxjs\\internal\\Observable.js:30:22)\n    at D:\\Backend Projects\\sideline-api\\utils\\db-model-util.js:44:26\n    at processTicksAndRejections (internal/process/task_queues.js:97:5)","code":"ERR_ASSERTION"},"msg":"Missing where attribute in the options parameter","time":"2020-07-31T10:46:33.327Z","v":0}
{"name":"Sideline API Log","hostname":"DESKTOP-D2UFE6H","pid":8624,"level":50,"err":{"message":"Missing where attribute in the options parameter","name":"AssertionError","stack":"AssertionError [ERR_ASSERTION]: Missing where attribute in the options parameter\n    at Function._optionsMustContainWhere (D:\\Backend Projects\\sideline-api\\node_modules\\sequelize\\lib\\model.js:3371:5)\n    at Function.update (D:\\Backend Projects\\sideline-api\\node_modules\\sequelize\\lib\\model.js:3014:10)\n    at Observable._subscribe (D:\\Backend Projects\\sideline-api\\utils\\db-model-util.js:21:8)\n    at Observable._trySubscribe (D:\\Backend Projects\\sideline-api\\node_modules\\rxjs\\internal\\Observable.js:44:25)\n    at Observable.subscribe (D:\\Backend Projects\\sideline-api\\node_modules\\rxjs\\internal\\Observable.js:30:22)\n    at D:\\Backend Projects\\sideline-api\\utils\\db-model-util.js:44:26\n    at processTicksAndRejections (internal/process/task_queues.js:97:5)","code":"ERR_ASSERTION"},"msg":"Missing where attribute in the options parameter","time":"2020-07-31T10:46:33.329Z","v":0}
{"name":"Sideline API Log","hostname":"DESKTOP-D2UFE6H","pid":8624,"level":50,"msg":"handleAuthSuccess$ : AssertionError [ERR_ASSERTION]: Missing where attribute in the options parameter","time":"2020-07-31T10:46:33.330Z","v":0}
{"name":"Sideline API Log","hostname":"DESKTOP-D2UFE6H","pid":12120,"level":50,"err":{"message":"Missing where attribute in the options parameter","name":"AssertionError","stack":"AssertionError [ERR_ASSERTION]: Missing where attribute in the options parameter\n    at Function._optionsMustContainWhere (D:\\Backend Projects\\sideline-api\\node_modules\\sequelize\\lib\\model.js:3371:5)\n    at Function.update (D:\\Backend Projects\\sideline-api\\node_modules\\sequelize\\lib\\model.js:3014:10)\n    at Observable._subscribe (D:\\Backend Projects\\sideline-api\\utils\\db-model-util.js:21:8)\n    at Observable._trySubscribe (D:\\Backend Projects\\sideline-api\\node_modules\\rxjs\\internal\\Observable.js:44:25)\n    at Observable.subscribe (D:\\Backend Projects\\sideline-api\\node_modules\\rxjs\\internal\\Observable.js:30:22)\n    at D:\\Backend Projects\\sideline-api\\utils\\db-model-util.js:44:26\n    at processTicksAndRejections (internal/process/task_queues.js:97:5)","code":"ERR_ASSERTION"},"msg":"Missing where attribute in the options parameter","time":"2020-07-31T10:47:56.464Z","v":0}
{"name":"Sideline API Log","hostname":"DESKTOP-D2UFE6H","pid":12120,"level":50,"err":{"message":"Missing where attribute in the options parameter","name":"AssertionError","stack":"AssertionError [ERR_ASSERTION]: Missing where attribute in the options parameter\n    at Function._optionsMustContainWhere (D:\\Backend Projects\\sideline-api\\node_modules\\sequelize\\lib\\model.js:3371:5)\n    at Function.update (D:\\Backend Projects\\sideline-api\\node_modules\\sequelize\\lib\\model.js:3014:10)\n    at Observable._subscribe (D:\\Backend Projects\\sideline-api\\utils\\db-model-util.js:21:8)\n    at Observable._trySubscribe (D:\\Backend Projects\\sideline-api\\node_modules\\rxjs\\internal\\Observable.js:44:25)\n    at Observable.subscribe (D:\\Backend Projects\\sideline-api\\node_modules\\rxjs\\internal\\Observable.js:30:22)\n    at D:\\Backend Projects\\sideline-api\\utils\\db-model-util.js:44:26\n    at processTicksAndRejections (internal/process/task_queues.js:97:5)","code":"ERR_ASSERTION"},"msg":"Missing where attribute in the options parameter","time":"2020-07-31T10:47:56.465Z","v":0}
{"name":"Sideline API Log","hostname":"DESKTOP-D2UFE6H","pid":12120,"level":50,"msg":"handleAuthSuccess$ : AssertionError [ERR_ASSERTION]: Missing where attribute in the options parameter","time":"2020-07-31T10:47:56.465Z","v":0}
{"name":"Sideline API Log","hostname":"DESKTOP-D2UFE6H","pid":9024,"level":50,"err":{"message":"Missing where attribute in the options parameter","name":"AssertionError","stack":"AssertionError [ERR_ASSERTION]: Missing where attribute in the options parameter\n    at Function._optionsMustContainWhere (D:\\Backend Projects\\sideline-api\\node_modules\\sequelize\\lib\\model.js:3371:5)\n    at Function.update (D:\\Backend Projects\\sideline-api\\node_modules\\sequelize\\lib\\model.js:3014:10)\n    at Observable._subscribe (D:\\Backend Projects\\sideline-api\\utils\\db-model-util.js:21:8)\n    at Observable._trySubscribe (D:\\Backend Projects\\sideline-api\\node_modules\\rxjs\\internal\\Observable.js:44:25)\n    at Observable.subscribe (D:\\Backend Projects\\sideline-api\\node_modules\\rxjs\\internal\\Observable.js:30:22)\n    at D:\\Backend Projects\\sideline-api\\utils\\db-model-util.js:44:26\n    at processTicksAndRejections (internal/process/task_queues.js:97:5)","code":"ERR_ASSERTION"},"msg":"Missing where attribute in the options parameter","time":"2020-07-31T10:48:41.966Z","v":0}
{"name":"Sideline API Log","hostname":"DESKTOP-D2UFE6H","pid":9024,"level":50,"err":{"message":"Missing where attribute in the options parameter","name":"AssertionError","stack":"AssertionError [ERR_ASSERTION]: Missing where attribute in the options parameter\n    at Function._optionsMustContainWhere (D:\\Backend Projects\\sideline-api\\node_modules\\sequelize\\lib\\model.js:3371:5)\n    at Function.update (D:\\Backend Projects\\sideline-api\\node_modules\\sequelize\\lib\\model.js:3014:10)\n    at Observable._subscribe (D:\\Backend Projects\\sideline-api\\utils\\db-model-util.js:21:8)\n    at Observable._trySubscribe (D:\\Backend Projects\\sideline-api\\node_modules\\rxjs\\internal\\Observable.js:44:25)\n    at Observable.subscribe (D:\\Backend Projects\\sideline-api\\node_modules\\rxjs\\internal\\Observable.js:30:22)\n    at D:\\Backend Projects\\sideline-api\\utils\\db-model-util.js:44:26\n    at processTicksAndRejections (internal/process/task_queues.js:97:5)","code":"ERR_ASSERTION"},"msg":"Missing where attribute in the options parameter","time":"2020-07-31T10:48:41.967Z","v":0}
{"name":"Sideline API Log","hostname":"DESKTOP-D2UFE6H","pid":9024,"level":50,"msg":"handleAuthSuccess$ : AssertionError [ERR_ASSERTION]: Missing where attribute in the options parameter","time":"2020-07-31T10:48:41.968Z","v":0}
{"name":"Sideline API Log","hostname":"DESKTOP-D2UFE6H","pid":13548,"level":50,"err":{"message":"Missing where attribute in the options parameter","name":"AssertionError","stack":"AssertionError [ERR_ASSERTION]: Missing where attribute in the options parameter\n    at Function._optionsMustContainWhere (D:\\Backend Projects\\sideline-api\\node_modules\\sequelize\\lib\\model.js:3371:5)\n    at Function.update (D:\\Backend Projects\\sideline-api\\node_modules\\sequelize\\lib\\model.js:3014:10)\n    at Observable._subscribe (D:\\Backend Projects\\sideline-api\\utils\\db-model-util.js:21:8)\n    at Observable._trySubscribe (D:\\Backend Projects\\sideline-api\\node_modules\\rxjs\\internal\\Observable.js:44:25)\n    at Observable.subscribe (D:\\Backend Projects\\sideline-api\\node_modules\\rxjs\\internal\\Observable.js:30:22)\n    at D:\\Backend Projects\\sideline-api\\utils\\db-model-util.js:43:26\n    at processTicksAndRejections (internal/process/task_queues.js:97:5)","code":"ERR_ASSERTION"},"msg":"Missing where attribute in the options parameter","time":"2020-07-31T10:49:10.947Z","v":0}
{"name":"Sideline API Log","hostname":"DESKTOP-D2UFE6H","pid":13548,"level":50,"err":{"message":"Missing where attribute in the options parameter","name":"AssertionError","stack":"AssertionError [ERR_ASSERTION]: Missing where attribute in the options parameter\n    at Function._optionsMustContainWhere (D:\\Backend Projects\\sideline-api\\node_modules\\sequelize\\lib\\model.js:3371:5)\n    at Function.update (D:\\Backend Projects\\sideline-api\\node_modules\\sequelize\\lib\\model.js:3014:10)\n    at Observable._subscribe (D:\\Backend Projects\\sideline-api\\utils\\db-model-util.js:21:8)\n    at Observable._trySubscribe (D:\\Backend Projects\\sideline-api\\node_modules\\rxjs\\internal\\Observable.js:44:25)\n    at Observable.subscribe (D:\\Backend Projects\\sideline-api\\node_modules\\rxjs\\internal\\Observable.js:30:22)\n    at D:\\Backend Projects\\sideline-api\\utils\\db-model-util.js:43:26\n    at processTicksAndRejections (internal/process/task_queues.js:97:5)","code":"ERR_ASSERTION"},"msg":"Missing where attribute in the options parameter","time":"2020-07-31T10:49:10.947Z","v":0}
{"name":"Sideline API Log","hostname":"DESKTOP-D2UFE6H","pid":13548,"level":50,"msg":"handleAuthSuccess$ : AssertionError [ERR_ASSERTION]: Missing where attribute in the options parameter","time":"2020-07-31T10:49:10.948Z","v":0}
{"name":"Sideline API Log","hostname":"DESKTOP-D2UFE6H","pid":10416,"level":50,"msg":"{\"name\":\"FacebookTokenError\",\"message\":\"This authorization code has been used.\",\"type\":\"OAuthException\",\"code\":100,\"subcode\":36009,\"traceID\":\"AWx4ZMZy5Gad2s3CrOEiE83\",\"status\":500}","time":"2020-07-31T10:50:37.350Z","v":0}
{"name":"Sideline API Log","hostname":"DESKTOP-D2UFE6H","pid":10416,"level":50,"msg":"Unauthorized","time":"2020-07-31T10:51:17.011Z","v":0}
{"name":"Sideline API Log","hostname":"DESKTOP-D2UFE6H","pid":10416,"level":50,"msg":"Unauthorized","time":"2020-07-31T10:51:40.664Z","v":0}
{"name":"Sideline API Log","hostname":"DESKTOP-D2UFE6H","pid":4172,"level":50,"msg":"Unauthorized","time":"2020-07-31T10:53:00.709Z","v":0}
{"name":"Sideline API Log","hostname":"DESKTOP-D2UFE6H","pid":6624,"level":50,"msg":"Unauthorized","time":"2020-07-31T10:53:21.840Z","v":0}
{"name":"Sideline API Log","hostname":"DESKTOP-D2UFE6H","pid":11828,"level":50,"msg":"Unauthorized","time":"2020-07-31T10:57:40.482Z","v":0}
{"name":"Sideline API Log","hostname":"DESKTOP-D2UFE6H","pid":12996,"level":50,"err":{"message":"invalid signature","name":"JsonWebTokenError","stack":"JsonWebTokenError: invalid signature\n    at D:\\Backend Projects\\sideline-api\\node_modules\\jsonwebtoken\\verify.js:133:19\n    at getSecret (D:\\Backend Projects\\sideline-api\\node_modules\\jsonwebtoken\\verify.js:90:14)\n    at Object.module.exports [as verify] (D:\\Backend Projects\\sideline-api\\node_modules\\jsonwebtoken\\verify.js:94:10)\n    at Promise.then.key (D:\\Backend Projects\\sideline-api\\node_modules\\jwt-redis\\build\\JWTRedis.js:38:33)\n    at new Promise (<anonymous>)\n    at JWTRedis.verify (D:\\Backend Projects\\sideline-api\\node_modules\\jwt-redis\\build\\JWTRedis.js:37:16)\n    at exports.isJWTAuth (D:\\Backend Projects\\sideline-api\\middlewares\\auth-middlewares.js:24:34)\n    at Layer.handle [as handle_request] (D:\\Backend Projects\\sideline-api\\node_modules\\express\\lib\\router\\layer.js:95:5)\n    at trim_prefix (D:\\Backend Projects\\sideline-api\\node_modules\\express\\lib\\router\\index.js:317:13)\n    at D:\\Backend Projects\\sideline-api\\node_modules\\express\\lib\\router\\index.js:284:7"},"msg":"invalid signature","time":"2020-07-31T11:01:40.131Z","v":0}
{"name":"Sideline API Log","hostname":"DESKTOP-D2UFE6H","pid":12996,"level":50,"err":{"message":"invalid token","name":"JsonWebTokenError","stack":"JsonWebTokenError: invalid token\n    at Object.module.exports [as verify] (D:\\Backend Projects\\sideline-api\\node_modules\\jsonwebtoken\\verify.js:75:17)\n    at Promise.then.key (D:\\Backend Projects\\sideline-api\\node_modules\\jwt-redis\\build\\JWTRedis.js:38:33)\n    at new Promise (<anonymous>)\n    at JWTRedis.verify (D:\\Backend Projects\\sideline-api\\node_modules\\jwt-redis\\build\\JWTRedis.js:37:16)\n    at exports.isJWTAuth (D:\\Backend Projects\\sideline-api\\middlewares\\auth-middlewares.js:24:34)\n    at Layer.handle [as handle_request] (D:\\Backend Projects\\sideline-api\\node_modules\\express\\lib\\router\\layer.js:95:5)\n    at trim_prefix (D:\\Backend Projects\\sideline-api\\node_modules\\express\\lib\\router\\index.js:317:13)\n    at D:\\Backend Projects\\sideline-api\\node_modules\\express\\lib\\router\\index.js:284:7\n    at Function.process_params (D:\\Backend Projects\\sideline-api\\node_modules\\express\\lib\\router\\index.js:335:12)\n    at next (D:\\Backend Projects\\sideline-api\\node_modules\\express\\lib\\router\\index.js:275:10)"},"msg":"invalid token","time":"2020-07-31T11:01:52.792Z","v":0}
